timelytextview/build/intermediates/manifest_merge_blame_file/debug/manifest-merger-blame-debug-report.txt
1<?xml version="1.0" encoding="utf-8"?>
2<!-- Copyright 2014 Adnan A M. -->
3<!-- Licensed under the Apache License, Version 2.0 (the "License"); -->
4<!-- you may not use this file except in compliance with the License. -->
5<!-- You may obtain a copy of the License at -->
6<!-- http://www.apache.org/licenses/LICENSE-2.0 -->
7<!-- Unless required by applicable law or agreed to in writing, software -->
8<!-- distributed under the License is distributed on an "AS IS" BASIS, -->
9<!-- WITHOUT WARRANTIES OR CONDITIONS OF ANY KIND, either express or implied. -->
10<!-- See the License for the specific language governing permissions and -->
11<!-- limitations under the License. -->
12<manifest xmlns:android="http://schemas.android.com/apk/res/android"
13    package="com.github.adnansm.timelytextview"
14    android:versionCode="1"
15    android:versionName="1.0" >
16
17    <uses-sdk
18        android:minSdkVersion="16"
18-->src\main\AndroidManifest.xml
19        android:targetSdkVersion="25" />
19-->src\main\AndroidManifest.xml
20
21    <application />
21-->src\main\AndroidManifest.xml:19:5-19
22
23</manifest>